#
# A fatal error has been detected by the Java Runtime Environment:
#
#  EXCEPTION_ACCESS_VIOLATION (0xc0000005) at pc=0x0000000078c6ec20, pid=4356, tid=3152
#
# JRE version: 6.0_17-b04
# Java VM: Java HotSpot(TM) 64-Bit Server VM (14.3-b01 mixed mode windows-amd64 )
# Problematic frame:
# C  0x0000000078c6ec20
#
# If you would like to submit a bug report, please visit:
#   http://java.sun.com/webapps/bugreport/crash.jsp
#

---------------  T H R E A D  ---------------

Current thread (0x000000000580f800):  JavaThread "main" [_thread_in_vm, id=3152, stack(0x000000000a8a0000,0x000000000b0a0000)]

siginfo: ExceptionCode=0xc0000005, reading address 0xffffffffffffffff

Registers:
EAX=0x000000002369ba70, EBX=0x000000000b09d970, ECX=0x000000000b09d970, EDX=0x001000ff0000000a
ESP=0x000000000b09d920, EBP=0x000000000580f800, ESI=0x000000000053bfe0, EDI=0x0000000000000000
EIP=0x0000000078c6ec20, EFLAGS=0x0000000000010246

Top of Stack: (sp=0x000000000b09d920)
0x000000000b09d920:   000000000580fd50 0000000000000000
0x000000000b09d930:   000000000580f800 00000000000000b8
0x000000000b09d940:   000000000b09da10 00000000789ddce3
0x000000000b09d950:   0000000000000038 0000000078a1dc0e
0x000000000b09d960:   000000000b09db08 001000ff0000000a
0x000000000b09d970:   0000000078d6afa0 000000002369ba70
0x000000000b09d980:   0000000000000000 0000000000000063
0x000000000b09d990:   000000000b090000 001000ff0000000a
0x000000000b09d9a0:   000000002369ba70 0000000078a628a4
0x000000000b09d9b0:   000000000000f7d5 000000000000d5f7
0x000000000b09d9c0:   000000000580f800 00000000000000b8
0x000000000b09d9d0:   000000000580fd50 0000000000000000
0x000000000b09d9e0:   00000000ccf7de03 0000000000000017
0x000000000b09d9f0:   0000000000000000 0000000078c956ce
0x000000000b09da00:   000000000b0a4e90 0000000000000000
0x000000000b09da10:   000000002369ba78 0000000078c53365 

Instructions: (pc=0x0000000078c6ec20)
0x0000000078c6ec10:   24 48 33 ff 48 8b d9 89 79 10 89 79 14 48 8b 10
0x0000000078c6ec20:   80 7a 12 28 74 1f 44 8d 4f 28 4c 8d 05 a7 9f 12 


Stack: [0x000000000a8a0000,0x000000000b0a0000],  sp=0x000000000b09d920,  free space=8182k
Native frames: (J=compiled Java code, j=interpreted, Vv=VM code, C=native code)
C  0x0000000078c6ec20

Java frames: (J=compiled Java code, j=interpreted, Vv=VM code)
j  sun.awt.windows.WToolkit.initializeDesktopProperties()V+28
j  java.awt.Toolkit.getDesktopProperty(Ljava/lang/String;)Ljava/lang/Object;+32
j  javax.swing.UIManager.<clinit>()V+118
v  ~StubRoutines::call_stub
j  com.mathworks.mwswing.plaf.PlafUtils.setLookAndFeel()V+18
j  com.mathworks.mwswing.MJStartupForDesktop.init()V+32
j  com.mathworks.mwswing.MJStartupForDesktop.<clinit>()V+17
v  ~StubRoutines::call_stub
j  java.lang.Class.forName0(Ljava/lang/String;ZLjava/lang/ClassLoader;)Ljava/lang/Class;+0
j  java.lang.Class.forName(Ljava/lang/String;)Ljava/lang/Class;+5
j  com.mathworks.util.PostVMInit$StartupClass.init(ZZ)V+28
j  com.mathworks.util.PostVMInit.perform(ZZ)V+31
v  ~StubRoutines::call_stub

---------------  P R O C E S S  ---------------

Java Threads: ( => current thread )
  0x00000000249d7800 JavaThread "com.google.common.base.internal.Finalizer" daemon [_thread_blocked, id=2736, stack(0x0000000025a80000,0x0000000025b80000)]
  0x0000000024a2b800 JavaThread "Image Fetcher 0" daemon [_thread_blocked, id=1644, stack(0x0000000025980000,0x0000000025a80000)]
  0x00000000248d4800 JavaThread "AWT-Windows" daemon [_thread_in_native, id=5864, stack(0x0000000025880000,0x0000000025980000)]
  0x00000000248d4000 JavaThread "AWT-Shutdown" [_thread_blocked, id=5740, stack(0x0000000025780000,0x0000000025880000)]
  0x00000000239ae800 JavaThread "Java2D Disposer" daemon [_thread_blocked, id=5244, stack(0x0000000025680000,0x0000000025780000)]
  0x0000000024515800 JavaThread "EventMgr Dispatcher" daemon [_thread_in_native, id=4256, stack(0x0000000025180000,0x0000000025280000)]
  0x0000000022a96800 JavaThread "Low Memory Detector" daemon [_thread_blocked, id=5936, stack(0x00000000231e0000,0x00000000232e0000)]
  0x00000000058fe800 JavaThread "CompilerThread1" daemon [_thread_blocked, id=6280, stack(0x00000000230e0000,0x00000000231e0000)]
  0x00000000058fc000 JavaThread "CompilerThread0" daemon [_thread_blocked, id=7056, stack(0x0000000022fe0000,0x00000000230e0000)]
  0x00000000058fb000 JavaThread "Attach Listener" daemon [_thread_blocked, id=2288, stack(0x0000000022ee0000,0x0000000022fe0000)]
  0x00000000058ee000 JavaThread "Finalizer" daemon [_thread_blocked, id=6832, stack(0x0000000022de0000,0x0000000022ee0000)]
  0x00000000058e7000 JavaThread "Reference Handler" daemon [_thread_blocked, id=5912, stack(0x0000000022ce0000,0x0000000022de0000)]
=>0x000000000580f800 JavaThread "main" [_thread_in_vm, id=3152, stack(0x000000000a8a0000,0x000000000b0a0000)]

Other Threads:
  0x0000000022a61800 VMThread [stack: 0x0000000022be0000,0x0000000022ce0000] [id=5980]
  0x0000000022af3000 WatcherThread [stack: 0x00000000232e0000,0x00000000233e0000] [id=4468]

VM state:not at safepoint (normal execution)

VM Mutex/Monitor currently owned by a thread: None

Heap
 PSYoungGen      total 14336K, used 11261K [0x000000001f3a0000, 0x00000000203a0000, 0x00000000224a0000)
  eden space 12288K, 91% used [0x000000001f3a0000,0x000000001fe9f6f8,0x000000001ffa0000)
  from space 2048K, 0% used [0x00000000201a0000,0x00000000201a0000,0x00000000203a0000)
  to   space 2048K, 0% used [0x000000001ffa0000,0x000000001ffa0000,0x00000000201a0000)
 PSOldGen        total 49152K, used 0K [0x00000000160a0000, 0x00000000190a0000, 0x000000001f3a0000)
  object space 49152K, 0% used [0x00000000160a0000,0x00000000160a0000,0x00000000190a0000)
 PSPermGen       total 32768K, used 7748K [0x000000000e0a0000, 0x00000000100a0000, 0x00000000160a0000)
  object space 32768K, 23% used [0x000000000e0a0000,0x000000000e831380,0x00000000100a0000)

Dynamic libraries:
0x0000000140000000 - 0x0000000140076000 	C:\Users\Bernardo\SkyDrive\MRes Human Gamma\Human Gamma\Synthetic\distrib\Synthetic.exe
0x000007fdedb70000 - 0x000007fdedd30000 	C:\Windows\SYSTEM32\ntdll.dll
0x000007fdec4c0000 - 0x000007fdec5f6000 	C:\Windows\system32\KERNEL32.DLL
0x000007fdead70000 - 0x000007fdeae63000 	C:\Windows\system32\KERNELBASE.dll
0x000007fde44a0000 - 0x000007fde453f000 	C:\Windows\system32\apphelp.dll
0x000007fdeb230000 - 0x000007fdeb30e000 	C:\Windows\system32\ADVAPI32.dll
0x000007fdeb950000 - 0x000007fdeba9c000 	C:\Windows\system32\USER32.dll
0x000007fdedaa0000 - 0x000007fdedb63000 	C:\Windows\system32\OLEAUT32.dll
0x000007fdeb510000 - 0x000007fdeb5b5000 	C:\Windows\system32\msvcrt.dll
0x000007fdeb1e0000 - 0x000007fdeb228000 	C:\Windows\SYSTEM32\sechost.dll
0x000007fdeb3d0000 - 0x000007fdeb510000 	C:\Windows\system32\RPCRT4.dll
0x000007fdeb7a0000 - 0x000007fdeb8e1000 	C:\Windows\system32\GDI32.dll
0x000007fdec310000 - 0x000007fdec4c0000 	C:\Windows\system32\combase.dll
0x000007fdeafd0000 - 0x000007fdeb009000 	C:\Windows\system32\IMM32.DLL
0x000007fdec600000 - 0x000007fdec715000 	C:\Windows\system32\MSCTF.dll
0x0000000180000000 - 0x000000018002a000 	C:\Program Files\MATLAB\R2013a\bin\win64\launchermain.dll
0x0000000053f60000 - 0x0000000053f8c000 	C:\Program Files\MATLAB\R2013a\bin\win64\boost_filesystem-vc100-mt-1_49.dll
0x00000000542b0000 - 0x00000000542b9000 	C:\Program Files\MATLAB\R2013a\bin\win64\boost_system-vc100-mt-1_49.dll
0x0000000052050000 - 0x00000000520e8000 	C:\Windows\SYSTEM32\MSVCP100.dll
0x0000000051f70000 - 0x0000000052042000 	C:\Windows\SYSTEM32\MSVCR100.dll
0x0000000000430000 - 0x00000000004c9000 	C:\Program Files\MATLAB\R2013a\runtime\win64\mclmcrrt8_1.dll
0x000007fdec020000 - 0x000007fdec027000 	C:\Windows\system32\PSAPI.DLL
0x000007fdec030000 - 0x000007fdec1ae000 	C:\Windows\system32\ole32.dll
0x0000000076100000 - 0x000000007615a000 	C:\Program Files\MATLAB\R2013a\bin\win64\libmat.dll
0x0000000073f70000 - 0x0000000074112000 	C:\Program Files\MATLAB\R2013a\bin\win64\libmwfl.dll
0x0000000074460000 - 0x0000000074515000 	C:\Program Files\MATLAB\R2013a\bin\win64\libut.dll
0x0000000075a20000 - 0x0000000075b0b000 	C:\Program Files\MATLAB\R2013a\bin\win64\libmx.dll
0x0000000072d30000 - 0x0000000072f38000 	C:\Program Files\MATLAB\R2013a\bin\win64\hdf5dll.dll
0x00000000002c0000 - 0x00000000002cd000 	C:\Program Files\MATLAB\R2013a\bin\win64\libmwresource_core.dll
0x00000000758a0000 - 0x000000007595f000 	C:\Program Files\MATLAB\R2013a\bin\win64\libmwi18n.dll
0x000000007a350000 - 0x000000007a737000 	C:\Program Files\MATLAB\R2013a\bin\win64\libmwMATLAB_res.dll
0x0000000053f90000 - 0x0000000053f9e000 	C:\Program Files\MATLAB\R2013a\bin\win64\boost_date_time-vc100-mt-1_49.dll
0x0000000053e80000 - 0x0000000053f5f000 	C:\Program Files\MATLAB\R2013a\bin\win64\boost_regex-vc100-mt-1_49.dll
0x0000000053e60000 - 0x0000000053e71000 	C:\Program Files\MATLAB\R2013a\bin\win64\boost_signals-vc100-mt-1_49.dll
0x0000000054290000 - 0x00000000542a1000 	C:\Program Files\MATLAB\R2013a\bin\win64\boost_thread-vc100-mt-1_49.dll
0x000007fde1f60000 - 0x000007fde1fec000 	C:\Program Files\MATLAB\R2013a\bin\win64\boost_log-vc100-mt-1_49.dll
0x000007fde2ab0000 - 0x000007fde2ae3000 	C:\Program Files\MATLAB\R2013a\bin\win64\tbb.dll
0x000007fdeb770000 - 0x000007fdeb784000 	C:\Windows\system32\imagehlp.dll
0x000007fdea9d0000 - 0x000007fdeaa13000 	C:\Windows\SYSTEM32\POWRPROF.dll
0x0000000001c60000 - 0x0000000001c81000 	C:\Program Files\MATLAB\R2013a\bin\win64\libmwmfl_scalar.dll
0x0000000053fb0000 - 0x00000000540ee000 	C:\Program Files\MATLAB\R2013a\bin\win64\icuuc49.dll
0x0000000053fa0000 - 0x0000000053fb0000 	C:\Program Files\MATLAB\R2013a\bin\win64\icuio49.dll
0x000007fddf6c0000 - 0x000007fddf823000 	C:\Windows\SYSTEM32\dbghelp.dll
0x000007fde2b90000 - 0x000007fde2bb8000 	C:\Program Files\MATLAB\R2013a\bin\win64\tbbmalloc.dll
0x0000000052900000 - 0x0000000052917000 	C:\Program Files\MATLAB\R2013a\bin\win64\zlib1.dll
0x0000000053be0000 - 0x0000000053c05000 	C:\Program Files\MATLAB\R2013a\bin\win64\LIBEXPAT.dll
0x0000000053a50000 - 0x0000000053bda000 	C:\Program Files\MATLAB\R2013a\bin\win64\icuin49.dll
0x000007fdeaf70000 - 0x000007fdeafc8000 	C:\Windows\system32\WS2_32.dll
0x0000000052920000 - 0x0000000053a42000 	C:\Program Files\MATLAB\R2013a\bin\win64\icudt49.dll
0x000007fdeb310000 - 0x000007fdeb319000 	C:\Windows\system32\NSI.dll
0x0000000001cd0000 - 0x0000000001d37000 	C:\Program Files\MATLAB\R2013a\bin\win64\mclbase.dll
0x00000000021b0000 - 0x0000000002306000 	C:\Program Files\MATLAB\R2013a\bin\win64\mvm.dll
0x0000000074970000 - 0x0000000074a18000 	C:\Program Files\MATLAB\R2013a\bin\win64\mcr.dll
0x0000000075710000 - 0x00000000757d8000 	C:\Program Files\MATLAB\R2013a\bin\win64\jmi.dll
0x0000000001d40000 - 0x0000000001d86000 	C:\Program Files\MATLAB\R2013a\bin\win64\dservices.dll
0x0000000002310000 - 0x000000000263f000 	C:\Program Files\MATLAB\R2013a\bin\win64\libmwservices.dll
0x0000000002640000 - 0x0000000002662000 	C:\Program Files\MATLAB\R2013a\bin\win64\libmwMCR_res.dll
0x0000000001da0000 - 0x0000000001da8000 	C:\Program Files\MATLAB\R2013a\bin\win64\mcli18nutil.dll
0x0000000075000000 - 0x00000000753b1000 	C:\Program Files\MATLAB\R2013a\bin\win64\iqm.dll
0x0000000002670000 - 0x0000000002e78000 	C:\Program Files\MATLAB\R2013a\bin\win64\m_interpreter.dll
0x000000007b680000 - 0x000000007bc66000 	C:\Program Files\MATLAB\R2013a\bin\win64\mlutil.dll
0x000007fde7460000 - 0x000007fde7470000 	C:\Program Files\MATLAB\R2013a\bin\win64\boost_iostreams-vc100-mt-1_49.dll
0x000007fde2660000 - 0x000007fde26a6000 	C:\Program Files\MATLAB\R2013a\bin\win64\boost_serialization-vc100-mt-1_49.dll
0x0000000079fb0000 - 0x0000000079fdf000 	C:\Program Files\MATLAB\R2013a\bin\win64\libmwbridge.dll
0x0000000002e80000 - 0x0000000002ea4000 	C:\Program Files\MATLAB\R2013a\bin\win64\libmex.dll
0x0000000075f10000 - 0x0000000075f57000 	C:\Program Files\MATLAB\R2013a\bin\win64\mpath.dll
0x0000000074e80000 - 0x0000000074f30000 	C:\Program Files\MATLAB\R2013a\bin\win64\m_dispatcher.dll
0x000000007b0a0000 - 0x000000007b2f6000 	C:\Program Files\MATLAB\R2013a\bin\win64\mcos.dll
0x0000000073cc0000 - 0x0000000073e0e000 	C:\Program Files\MATLAB\R2013a\bin\win64\libmwgui.dll
0x0000000002eb0000 - 0x00000000037f3000 	C:\Program Files\MATLAB\R2013a\bin\win64\hg.dll
0x0000000003800000 - 0x00000000038eb000 	C:\Program Files\MATLAB\R2013a\bin\win64\hgutils.dll
0x00000000038f0000 - 0x000000000399e000 	C:\Program Files\MATLAB\R2013a\bin\win64\udd_mi.dll
0x00000000039a0000 - 0x0000000003c6e000 	C:\Program Files\MATLAB\R2013a\bin\win64\uiw.dll
0x000000007a1f0000 - 0x000000007a20d000 	C:\Program Files\MATLAB\R2013a\bin\win64\mwoles05.DLL
0x0000000003c70000 - 0x0000000003cdc000 	C:\Program Files\MATLAB\R2013a\bin\win64\comcli.dll
0x0000000001db0000 - 0x0000000001dbc000 	C:\Program Files\MATLAB\R2013a\bin\win64\mlautoregister.dll
0x000007fdec7c0000 - 0x000007fdedaa0000 	C:\Windows\system32\SHELL32.dll
0x0000000003ce0000 - 0x0000000003cee000 	C:\Program Files\MATLAB\R2013a\bin\win64\nativejava_services.dll
0x0000000003cf0000 - 0x0000000003d3e000 	C:\Program Files\MATLAB\R2013a\bin\win64\libmwregexp.dll
0x000007fdebaa0000 - 0x000007fdebaf0000 	C:\Windows\system32\SHLWAPI.dll
0x0000000003d40000 - 0x0000000003d62000 	C:\Program Files\MATLAB\R2013a\bin\win64\libmwMATLAB_settings_res.dll
0x0000000003d70000 - 0x0000000003d76000 	C:\Program Files\MATLAB\R2013a\bin\win64\libmwnativedisplay.dll
0x000007fdeaec0000 - 0x000007fdeaf64000 	C:\Windows\WinSxS\amd64_microsoft.windows.common-controls_6595b64144ccf1df_5.82.9200.16384_none_7762d5fd3178b04e\COMCTL32.dll
0x000007fdeb320000 - 0x000007fdeb3c1000 	C:\Windows\system32\COMDLG32.dll
0x000007fde8d20000 - 0x000007fde8d35000 	C:\Windows\SYSTEM32\NETAPI32.dll
0x0000000053c10000 - 0x0000000053e51000 	C:\Program Files\MATLAB\R2013a\bin\win64\xerces-c_2_7.dll
0x0000000075430000 - 0x00000000754ab000 	C:\Program Files\MATLAB\R2013a\bin\win64\profiler.dll
0x0000000003d80000 - 0x0000000004003000 	C:\Program Files\MATLAB\R2013a\bin\win64\libmwmathutil.dll
0x0000000079f40000 - 0x0000000079f66000 	C:\Program Files\MATLAB\R2013a\bin\win64\libmwmathrng.dll
0x000000007a1b0000 - 0x000000007a1d0000 	C:\Program Files\MATLAB\R2013a\bin\win64\m_pcodeio.dll
0x0000000079b10000 - 0x0000000079b6c000 	C:\Program Files\MATLAB\R2013a\bin\win64\m_ir.dll
0x0000000078ed0000 - 0x0000000079579000 	C:\Program Files\MATLAB\R2013a\bin\win64\m_parser.dll
0x000000007a130000 - 0x000000007a158000 	C:\Program Files\MATLAB\R2013a\bin\win64\m_pcodegen.dll
0x0000000076160000 - 0x00000000761c3000 	C:\Program Files\MATLAB\R2013a\bin\win64\libmwspmatrix.dll
0x00000000754d0000 - 0x0000000075547000 	C:\Program Files\MATLAB\R2013a\bin\win64\xmlcore.dll
0x0000000074f40000 - 0x0000000074ff6000 	C:\Program Files\MATLAB\R2013a\bin\win64\udd.dll
0x0000000004010000 - 0x0000000004034000 	C:\Program Files\MATLAB\R2013a\bin\win64\graphics_util.dll
0x0000000004040000 - 0x0000000004080000 	C:\Program Files\MATLAB\R2013a\bin\win64\libmwhardcopy.dll
0x0000000075c70000 - 0x0000000075cce000 	C:\Program Files\MATLAB\R2013a\bin\win64\libuij.dll
0x0000000072f50000 - 0x000000007318f000 	C:\Program Files\MATLAB\R2013a\bin\win64\hgdatatypes.dll
0x0000000075820000 - 0x000000007589e000 	C:\Program Files\MATLAB\R2013a\bin\win64\libmwlapack.dll
0x0000000004080000 - 0x00000000040b6000 	C:\Program Files\MATLAB\R2013a\bin\win64\libmwgbtutils.dll
0x00000000040c0000 - 0x00000000040d4000 	C:\Program Files\MATLAB\R2013a\bin\win64\libmwgbt.dll
0x00000000523a0000 - 0x00000000528fd000 	C:\Program Files\MATLAB\R2013a\bin\win64\mfc100.dll
0x000007fde5b60000 - 0x000007fde5bdd000 	C:\Windows\SYSTEM32\WINSPOOL.DRV
0x00000000040e0000 - 0x00000000040e9000 	C:\Program Files\MATLAB\R2013a\bin\win64\uinone.dll
0x00000000040f0000 - 0x0000000004116000 	C:\Program Files\MATLAB\R2013a\bin\win64\libmwnativefiledialogs.dll
0x000007fddfb70000 - 0x000007fddfb87000 	C:\Windows\SYSTEM32\MPR.dll
0x0000000052370000 - 0x000000005239b000 	C:\Program Files\MATLAB\R2013a\bin\win64\ATL100.DLL
0x000007fde9bf0000 - 0x000007fde9c86000 	C:\Windows\SYSTEM32\SHCORE.DLL
0x000007fde9d40000 - 0x000007fde9d4e000 	C:\Windows\SYSTEM32\netutils.dll
0x000007fdea5f0000 - 0x000007fdea614000 	C:\Windows\SYSTEM32\srvcli.dll
0x000007fde8c50000 - 0x000007fde8c65000 	C:\Windows\SYSTEM32\wkscli.dll
0x0000000004130000 - 0x0000000004140000 	C:\Program Files\MATLAB\R2013a\bin\win64\libmwmfl_rng.dll
0x0000000074c10000 - 0x0000000074cf8000 	C:\Program Files\MATLAB\R2013a\bin\win64\libmwmathcore.dll
0x000000007a2f0000 - 0x000000007a307000 	C:\Program Files\MATLAB\R2013a\bin\win64\ir_xfmr.dll
0x0000000004140000 - 0x0000000004150000 	C:\Program Files\MATLAB\R2013a\bin\win64\mtok.dll
0x000007fddf930000 - 0x000007fddf9e8000 	C:\Program Files\MATLAB\R2013a\bin\win64\libtex_base.dll
0x000000007a310000 - 0x000000007a325000 	C:\Program Files\MATLAB\R2013a\bin\win64\libmwbinder.dll
0x0000000004150000 - 0x000000000415b000 	C:\Program Files\MATLAB\R2013a\bin\win64\libmwompwrapper.dll
0x000007fde7da0000 - 0x000007fde7da7000 	C:\Windows\SYSTEM32\MSIMG32.dll
0x0000000004160000 - 0x000000000416c000 	C:\Program Files\MATLAB\R2013a\bin\win64\libmwplatform_res.dll
0x0000000075ea0000 - 0x0000000075f02000 	C:\Program Files\MATLAB\R2013a\bin\win64\libmwcholmod.dll
0x0000000004180000 - 0x000000000418d000 	C:\Program Files\MATLAB\R2013a\bin\win64\libmwamd.dll
0x0000000004190000 - 0x000000000419c000 	C:\Program Files\MATLAB\R2013a\bin\win64\libmwcolamd.dll
0x000000007a290000 - 0x000000007a2a3000 	C:\Program Files\MATLAB\R2013a\bin\win64\libmwblas.dll
0x00000000522c0000 - 0x0000000052363000 	C:\Windows\WinSxS\amd64_microsoft.vc90.crt_1fc8b3b9a1e18e3b_9.0.30729.6871_none_08e717a5a83adddf\MSVCR90.dll
0x000007fde9820000 - 0x000007fde9906000 	C:\Windows\SYSTEM32\UxTheme.dll

VM Arguments:
jvm_args: -XX:PermSize=32m -Xms64m -XX:NewRatio=3 -XX:MaxPermSize=128m -Xmx196m -XX:MaxDirectMemorySize=2147400000 -Dsun.java2d.noddraw=true -Dsun.awt.nopixfmt=true -Xshare:off -Xrs -Dsun.awt.disableMixing=true -Djava.library.path=C:\Program Files\MATLAB\R2013a\bin\win64;C:\Program Files\MATLAB\R2013a\sys\jxbrowser\win64\lib vfprintf abort 
java_command: <unknown>
Launcher Type: generic

Environment Variables:
PATH=C:\Program Files\MATLAB\R2013a\runtime\win64\..\..\runtime\win64;C:\Program Files\MATLAB\R2013a\runtime\win64\..\..\bin\win64;C:\Program Files\MATLAB\R2013a\runtime\win64\..\..\bin;C:\Windows\system32;C:\Windows;C:\Windows\System32\Wbem;C:\Windows\System32\WindowsPowerShell\v1.0\;C:\Program Files (x86)\Windows Live\Shared;C:\Program Files\MATLAB\R2013a\runtime\win64;C:\Program Files\MATLAB\R2013a\bin;C:\Users\Bernardo\AppData\Local\Temp\Bernardo\mcrCache8.1\Synthe0\bin\win64\
USERNAME=Bernardo
OS=Windows_NT
PROCESSOR_IDENTIFIER=Intel64 Family 6 Model 15 Stepping 11, GenuineIntel



---------------  S Y S T E M  ---------------

OS: Windows NT 6.2 Build 9200 

CPU:total 4 (4 cores per cpu, 1 threads per core) family 6 model 15 stepping 11, cmov, cx8, fxsr, mmx, sse, sse2, sse3, ssse3

Memory: 4k page, physical 4193396k(1113048k free), swap 8387700k(4102968k free)

vm_info: Java HotSpot(TM) 64-Bit Server VM (14.3-b01) for windows-amd64 JRE (1.6.0_17-b04), built on Oct 11 2009 00:46:08 by "java_re" with MS VC++ 8.0

time: Fri Jul 26 16:34:55 2013
elapsed time: 1 seconds

